Error: 401 Client Error: Unauthorized for url: https://query2.finance.yahoo.com/v10/finance/quoteSummary/GC=F?modules=summaryProfile%2CfinancialData%2CquoteType%2CdefaultKeyStatistics%2CassetProfile%2CsummaryDetail&ssl=true
Error: 401 Client Error: Unauthorized for url: https://query2.finance.yahoo.com/v10/finance/quoteSummary/ADANIENT.NS?modules=summaryProfile%2CfinancialData%2CquoteType%2CdefaultKeyStatistics%2CassetProfile%2CsummaryDetail&ssl=true
Error: 401 Client Error: Unauthorized for url: https://query2.finance.yahoo.com/v10/finance/quoteSummary/BTC-INR?modules=summaryProfile%2CfinancialData%2CquoteType%2CdefaultKeyStatistics%2CassetProfile%2CsummaryDetail&ssl=true
Error: 401 Client Error: Unauthorized for url: https://query2.finance.yahoo.com/v10/finance/quoteSummary/INR=X?modules=summaryProfile%2CfinancialData%2CquoteType%2CdefaultKeyStatistics%2CassetProfile%2CsummaryDetail&ssl=true
Error: 401 Client Error: Unauthorized for url: https://query2.finance.yahoo.com/v10/finance/quoteSummary/GC=F?modules=summaryProfile%2CfinancialData%2CquoteType%2CdefaultKeyStatistics%2CassetProfile%2CsummaryDetail&ssl=true
Error: 401 Client Error: Unauthorized for url: https://query2.finance.yahoo.com/v10/finance/quoteSummary/ADANIENT.NS?modules=summaryProfile%2CfinancialData%2CquoteType%2CdefaultKeyStatistics%2CassetProfile%2CsummaryDetail&ssl=true
Error: 401 Client Error: Unauthorized for url: https://query2.finance.yahoo.com/v10/finance/quoteSummary/BTC-INR?modules=summaryProfile%2CfinancialData%2CquoteType%2CdefaultKeyStatistics%2CassetProfile%2CsummaryDetail&ssl=true
Error: 401 Client Error: Unauthorized for url: https://query2.finance.yahoo.com/v10/finance/quoteSummary/INR=X?modules=summaryProfile%2CfinancialData%2CquoteType%2CdefaultKeyStatistics%2CassetProfile%2CsummaryDetail&ssl=true
Error: 401 Client Error: Unauthorized for url: https://query2.finance.yahoo.com/v10/finance/quoteSummary/GC=F?modules=summaryProfile%2CfinancialData%2CquoteType%2CdefaultKeyStatistics%2CassetProfile%2CsummaryDetail&ssl=true
Error: 401 Client Error: Unauthorized for url: https://query2.finance.yahoo.com/v10/finance/quoteSummary/ADANIENT.NS?modules=summaryProfile%2CfinancialData%2CquoteType%2CdefaultKeyStatistics%2CassetProfile%2CsummaryDetail&ssl=true
Error: 401 Client Error: Unauthorized for url: https://query2.finance.yahoo.com/v10/finance/quoteSummary/BTC-INR?modules=summaryProfile%2CfinancialData%2CquoteType%2CdefaultKeyStatistics%2CassetProfile%2CsummaryDetail&ssl=true
Error: 401 Client Error: Unauthorized for url: https://query2.finance.yahoo.com/v10/finance/quoteSummary/INR=X?modules=summaryProfile%2CfinancialData%2CquoteType%2CdefaultKeyStatistics%2CassetProfile%2CsummaryDetail&ssl=true
Error: HTTPSConnectionPool(host='query2.finance.yahoo.com', port=443): Max retries exceeded with url: /v10/finance/quoteSummary/GC=F?modules=summaryProfile%2CfinancialData%2CquoteType%2CdefaultKeyStatistics%2CassetProfile%2CsummaryDetail&ssl=true (Caused by NewConnectionError('<urllib3.connection.HTTPSConnection object at 0x7f0dfe91e430>: Failed to establish a new connection: [Errno -2] Name or service not known'))
Error: HTTPSConnectionPool(host='query2.finance.yahoo.com', port=443): Max retries exceeded with url: /v10/finance/quoteSummary/ADANIENT.NS?modules=summaryProfile%2CfinancialData%2CquoteType%2CdefaultKeyStatistics%2CassetProfile%2CsummaryDetail&ssl=true (Caused by NewConnectionError('<urllib3.connection.HTTPSConnection object at 0x7f0dfe91e4f0>: Failed to establish a new connection: [Errno -2] Name or service not known'))
Error: HTTPSConnectionPool(host='query2.finance.yahoo.com', port=443): Max retries exceeded with url: /v10/finance/quoteSummary/BTC-INR?modules=summaryProfile%2CfinancialData%2CquoteType%2CdefaultKeyStatistics%2CassetProfile%2CsummaryDetail&ssl=true (Caused by NewConnectionError('<urllib3.connection.HTTPSConnection object at 0x7f0dfe91e0a0>: Failed to establish a new connection: [Errno -2] Name or service not known'))
Error: HTTPSConnectionPool(host='query2.finance.yahoo.com', port=443): Max retries exceeded with url: /v10/finance/quoteSummary/INR=X?modules=summaryProfile%2CfinancialData%2CquoteType%2CdefaultKeyStatistics%2CassetProfile%2CsummaryDetail&ssl=true (Caused by NewConnectionError('<urllib3.connection.HTTPSConnection object at 0x7f0dfe91e6a0>: Failed to establish a new connection: [Errno -2] Name or service not known'))
Error: HTTPSConnectionPool(host='query2.finance.yahoo.com', port=443): Max retries exceeded with url: /v10/finance/quoteSummary/GC=F?modules=summaryProfile%2CfinancialData%2CquoteType%2CdefaultKeyStatistics%2CassetProfile%2CsummaryDetail&ssl=true (Caused by NewConnectionError('<urllib3.connection.HTTPSConnection object at 0x7ff30ec32790>: Failed to establish a new connection: [Errno -2] Name or service not known'))
Error: HTTPSConnectionPool(host='query2.finance.yahoo.com', port=443): Max retries exceeded with url: /v10/finance/quoteSummary/ADANIENT.NS?modules=summaryProfile%2CfinancialData%2CquoteType%2CdefaultKeyStatistics%2CassetProfile%2CsummaryDetail&ssl=true (Caused by NewConnectionError('<urllib3.connection.HTTPSConnection object at 0x7ff30ec5a580>: Failed to establish a new connection: [Errno -2] Name or service not known'))
Error: HTTPSConnectionPool(host='query2.finance.yahoo.com', port=443): Max retries exceeded with url: /v10/finance/quoteSummary/BTC-INR?modules=summaryProfile%2CfinancialData%2CquoteType%2CdefaultKeyStatistics%2CassetProfile%2CsummaryDetail&ssl=true (Caused by NewConnectionError('<urllib3.connection.HTTPSConnection object at 0x7ff30ec5a3d0>: Failed to establish a new connection: [Errno -2] Name or service not known'))
Error: HTTPSConnectionPool(host='query2.finance.yahoo.com', port=443): Max retries exceeded with url: /v10/finance/quoteSummary/INR=X?modules=summaryProfile%2CfinancialData%2CquoteType%2CdefaultKeyStatistics%2CassetProfile%2CsummaryDetail&ssl=true (Caused by NewConnectionError('<urllib3.connection.HTTPSConnection object at 0x7ff30ec5a400>: Failed to establish a new connection: [Errno -2] Name or service not known'))
Error: 401 Client Error: Unauthorized for url: https://query2.finance.yahoo.com/v10/finance/quoteSummary/GC=F?modules=summaryProfile%2CfinancialData%2CquoteType%2CdefaultKeyStatistics%2CassetProfile%2CsummaryDetail&ssl=true
Error: 401 Client Error: Unauthorized for url: https://query2.finance.yahoo.com/v10/finance/quoteSummary/ADANIENT.NS?modules=summaryProfile%2CfinancialData%2CquoteType%2CdefaultKeyStatistics%2CassetProfile%2CsummaryDetail&ssl=true
Error: 401 Client Error: Unauthorized for url: https://query2.finance.yahoo.com/v10/finance/quoteSummary/BTC-INR?modules=summaryProfile%2CfinancialData%2CquoteType%2CdefaultKeyStatistics%2CassetProfile%2CsummaryDetail&ssl=true
Error: 401 Client Error: Unauthorized for url: https://query2.finance.yahoo.com/v10/finance/quoteSummary/INR=X?modules=summaryProfile%2CfinancialData%2CquoteType%2CdefaultKeyStatistics%2CassetProfile%2CsummaryDetail&ssl=true
Error: 401 Client Error: Unauthorized for url: https://query2.finance.yahoo.com/v10/finance/quoteSummary/GC=F?modules=summaryProfile%2CfinancialData%2CquoteType%2CdefaultKeyStatistics%2CassetProfile%2CsummaryDetail&ssl=true
Error: 401 Client Error: Unauthorized for url: https://query2.finance.yahoo.com/v10/finance/quoteSummary/ADANIENT.NS?modules=summaryProfile%2CfinancialData%2CquoteType%2CdefaultKeyStatistics%2CassetProfile%2CsummaryDetail&ssl=true
Error: 401 Client Error: Unauthorized for url: https://query2.finance.yahoo.com/v10/finance/quoteSummary/BTC-INR?modules=summaryProfile%2CfinancialData%2CquoteType%2CdefaultKeyStatistics%2CassetProfile%2CsummaryDetail&ssl=true
Error: 401 Client Error: Unauthorized for url: https://query2.finance.yahoo.com/v10/finance/quoteSummary/INR=X?modules=summaryProfile%2CfinancialData%2CquoteType%2CdefaultKeyStatistics%2CassetProfile%2CsummaryDetail&ssl=true
Error: 401 Client Error: Unauthorized for url: https://query2.finance.yahoo.com/v10/finance/quoteSummary/GC=F?modules=summaryProfile%2CfinancialData%2CquoteType%2CdefaultKeyStatistics%2CassetProfile%2CsummaryDetail&ssl=true
Error: 401 Client Error: Unauthorized for url: https://query2.finance.yahoo.com/v10/finance/quoteSummary/ADANIENT.NS?modules=summaryProfile%2CfinancialData%2CquoteType%2CdefaultKeyStatistics%2CassetProfile%2CsummaryDetail&ssl=true
Error: 401 Client Error: Unauthorized for url: https://query2.finance.yahoo.com/v10/finance/quoteSummary/BTC-INR?modules=summaryProfile%2CfinancialData%2CquoteType%2CdefaultKeyStatistics%2CassetProfile%2CsummaryDetail&ssl=true
Error: 401 Client Error: Unauthorized for url: https://query2.finance.yahoo.com/v10/finance/quoteSummary/INR=X?modules=summaryProfile%2CfinancialData%2CquoteType%2CdefaultKeyStatistics%2CassetProfile%2CsummaryDetail&ssl=true
Error: 401 Client Error: Unauthorized for url: https://query2.finance.yahoo.com/v10/finance/quoteSummary/GC=F?modules=summaryProfile%2CfinancialData%2CquoteType%2CdefaultKeyStatistics%2CassetProfile%2CsummaryDetail&ssl=true
Error: 401 Client Error: Unauthorized for url: https://query2.finance.yahoo.com/v10/finance/quoteSummary/ADANIENT.NS?modules=summaryProfile%2CfinancialData%2CquoteType%2CdefaultKeyStatistics%2CassetProfile%2CsummaryDetail&ssl=true
Error: 401 Client Error: Unauthorized for url: https://query2.finance.yahoo.com/v10/finance/quoteSummary/BTC-INR?modules=summaryProfile%2CfinancialData%2CquoteType%2CdefaultKeyStatistics%2CassetProfile%2CsummaryDetail&ssl=true
Error: 401 Client Error: Unauthorized for url: https://query2.finance.yahoo.com/v10/finance/quoteSummary/INR=X?modules=summaryProfile%2CfinancialData%2CquoteType%2CdefaultKeyStatistics%2CassetProfile%2CsummaryDetail&ssl=true
Error: 401 Client Error: Unauthorized for url: https://query2.finance.yahoo.com/v10/finance/quoteSummary/GC=F?modules=summaryProfile%2CfinancialData%2CquoteType%2CdefaultKeyStatistics%2CassetProfile%2CsummaryDetail&ssl=true
Error: 401 Client Error: Unauthorized for url: https://query2.finance.yahoo.com/v10/finance/quoteSummary/ADANIENT.NS?modules=summaryProfile%2CfinancialData%2CquoteType%2CdefaultKeyStatistics%2CassetProfile%2CsummaryDetail&ssl=true
Error: 401 Client Error: Unauthorized for url: https://query2.finance.yahoo.com/v10/finance/quoteSummary/BTC-INR?modules=summaryProfile%2CfinancialData%2CquoteType%2CdefaultKeyStatistics%2CassetProfile%2CsummaryDetail&ssl=true
Error: 401 Client Error: Unauthorized for url: https://query2.finance.yahoo.com/v10/finance/quoteSummary/INR=X?modules=summaryProfile%2CfinancialData%2CquoteType%2CdefaultKeyStatistics%2CassetProfile%2CsummaryDetail&ssl=true
Error: 401 Client Error: Unauthorized for url: https://query2.finance.yahoo.com/v10/finance/quoteSummary/GC=F?modules=summaryProfile%2CfinancialData%2CquoteType%2CdefaultKeyStatistics%2CassetProfile%2CsummaryDetail&ssl=true
Error: 401 Client Error: Unauthorized for url: https://query2.finance.yahoo.com/v10/finance/quoteSummary/ADANIENT.NS?modules=summaryProfile%2CfinancialData%2CquoteType%2CdefaultKeyStatistics%2CassetProfile%2CsummaryDetail&ssl=true
Error: 401 Client Error: Unauthorized for url: https://query2.finance.yahoo.com/v10/finance/quoteSummary/BTC-INR?modules=summaryProfile%2CfinancialData%2CquoteType%2CdefaultKeyStatistics%2CassetProfile%2CsummaryDetail&ssl=true
Error: 401 Client Error: Unauthorized for url: https://query2.finance.yahoo.com/v10/finance/quoteSummary/INR=X?modules=summaryProfile%2CfinancialData%2CquoteType%2CdefaultKeyStatistics%2CassetProfile%2CsummaryDetail&ssl=true
Error: 401 Client Error: Unauthorized for url: https://query2.finance.yahoo.com/v10/finance/quoteSummary/GC=F?modules=summaryProfile%2CfinancialData%2CquoteType%2CdefaultKeyStatistics%2CassetProfile%2CsummaryDetail&ssl=true
Error: 401 Client Error: Unauthorized for url: https://query2.finance.yahoo.com/v10/finance/quoteSummary/ADANIENT.NS?modules=summaryProfile%2CfinancialData%2CquoteType%2CdefaultKeyStatistics%2CassetProfile%2CsummaryDetail&ssl=true
Error: 401 Client Error: Unauthorized for url: https://query2.finance.yahoo.com/v10/finance/quoteSummary/BTC-INR?modules=summaryProfile%2CfinancialData%2CquoteType%2CdefaultKeyStatistics%2CassetProfile%2CsummaryDetail&ssl=true
Error: 401 Client Error: Unauthorized for url: https://query2.finance.yahoo.com/v10/finance/quoteSummary/INR=X?modules=summaryProfile%2CfinancialData%2CquoteType%2CdefaultKeyStatistics%2CassetProfile%2CsummaryDetail&ssl=true
